<?xml version="1.0" encoding="UTF-8"?>
<testng-results skipped="0" failed="0" ignored="0" total="1" passed="1">
  <reporter-output>
  </reporter-output>
  <suite name="TestSuite" duration-ms="4227" started-at="2018-04-14T20:31:48Z" finished-at="2018-04-14T20:31:52Z">
    <groups>
    </groups>
    <test name="Currency" duration-ms="4227" started-at="2018-04-14T20:31:48Z" finished-at="2018-04-14T20:31:52Z">
      <class name="com.testing.demo.sample.RestAPICurrency">
        <test-method status="PASS" signature="testGetFindwithId()[pri:0, instance:com.testing.demo.sample.RestAPICurrency@6973b51b]" name="testGetFindwithId" duration-ms="4181" started-at="2018-04-14T20:31:48Z" finished-at="2018-04-14T20:31:52Z">
          <reporter-output>
          </reporter-output>
        </test-method> <!-- testGetFindwithId -->
      </class> <!-- com.testing.demo.sample.RestAPICurrency -->
    </test> <!-- Currency -->
  </suite> <!-- TestSuite -->
</testng-results>
